<?xml version="1.0" encoding="UTF-8"?>
<!-- Generated by org.testng.reporters.JUnitReportReporter -->
<testsuite hostname="Himanshu-PC" failures="0" tests="1" name="TestRunner.Runner" time="27.187" errors="0" timestamp="2024-05-08T19:18:12 IST" skipped="0">
  <testcase classname="TestRunner.Runner" name="runScenario" time="27.187"/>
</testsuite> <!-- TestRunner.Runner -->
