<?xml version="1.0" encoding="UTF-8"?>
<!-- Generated by org.testng.reporters.JUnitReportReporter -->
<testsuite hostname="Himanshu-PC" failures="0" tests="5" name="TestRunner.Runner" time="143.233" errors="0" timestamp="2024-05-04T20:49:30 IST" skipped="0">
  <testcase classname="TestRunner.Runner" name="runScenario" time="28.358"/>
  <testcase classname="TestRunner.Runner" name="runScenario" time="29.826"/>
  <testcase classname="TestRunner.Runner" name="runScenario" time="29.252"/>
  <testcase classname="TestRunner.Runner" name="runScenario" time="27.280"/>
  <testcase classname="TestRunner.Runner" name="runScenario" time="28.517"/>
</testsuite> <!-- TestRunner.Runner -->
