<?xml version="1.0" encoding="UTF-8"?>
<!-- Generated by org.testng.reporters.JUnitReportReporter -->
<testsuite hostname="Himanshu-PC" failures="0" tests="1" name="TestRunner.Runner" time="37.698" errors="0" timestamp="2024-04-28T15:35:49 IST" skipped="0">
  <testcase classname="TestRunner.Runner" name="runScenario" time="37.698"/>
</testsuite> <!-- TestRunner.Runner -->
