<?xml version="1.0" encoding="UTF-8"?>
<!-- Generated by org.testng.reporters.JUnitReportReporter -->
<testsuite hostname="Himanshu-PC" failures="0" tests="1" name="TestRunner.Runner" time="64.610" errors="0" timestamp="2024-04-14T18:11:15 IST" skipped="0">
  <testcase classname="TestRunner.Runner" name="runScenario" time="64.610"/>
</testsuite> <!-- TestRunner.Runner -->
