<?xml version="1.0" encoding="UTF-8"?>
<!-- Generated by org.testng.reporters.JUnitReportReporter -->
<testsuite hostname="Himanshu-PC" failures="0" tests="4" name="TestRunner.Runner" time="211.527" errors="0" timestamp="2024-05-01T08:34:37 IST" skipped="0">
  <testcase classname="TestRunner.Runner" name="runScenario" time="98.090"/>
  <testcase classname="TestRunner.Runner" name="runScenario" time="32.417"/>
  <testcase classname="TestRunner.Runner" name="runScenario" time="39.111"/>
  <testcase classname="TestRunner.Runner" name="runScenario" time="41.909"/>
</testsuite> <!-- TestRunner.Runner -->
