<?xml version="1.0" encoding="UTF-8"?>
<!-- Generated by org.testng.reporters.JUnitReportReporter -->
<testsuite hostname="Himanshu-PC" failures="0" tests="6" name="TestRunner.Runner" time="370.857" errors="0" timestamp="2024-05-07T19:10:15 IST" skipped="0">
  <testcase classname="TestRunner.Runner" name="runScenario" time="91.936"/>
  <testcase classname="TestRunner.Runner" name="runScenario" time="62.617"/>
  <testcase classname="TestRunner.Runner" name="runScenario" time="60.625"/>
  <testcase classname="TestRunner.Runner" name="runScenario" time="88.045"/>
  <testcase classname="TestRunner.Runner" name="runScenario" time="22.060"/>
  <testcase classname="TestRunner.Runner" name="runScenario" time="45.574"/>
</testsuite> <!-- TestRunner.Runner -->
