<?xml version="1.0" encoding="UTF-8"?>
<!-- Generated by org.testng.reporters.JUnitReportReporter -->
<testsuite hostname="Himanshu-PC" failures="0" tests="2" name="TestRunner.Runner" time="53.659" errors="0" timestamp="2024-04-29T07:55:05 IST" skipped="0">
  <testcase classname="TestRunner.Runner" name="runScenario" time="29.787"/>
  <testcase classname="TestRunner.Runner" name="runScenario" time="23.872"/>
</testsuite> <!-- TestRunner.Runner -->
