<?xml version="1.0" encoding="UTF-8"?>
<!-- Generated by org.testng.reporters.JUnitReportReporter -->
<testsuite hostname="Himanshu-PC" failures="0" tests="5" name="TestRunner.Runner" time="193.325" errors="0" timestamp="2024-05-01T12:56:46 IST" skipped="0">
  <testcase classname="TestRunner.Runner" name="runScenario" time="63.241"/>
  <testcase classname="TestRunner.Runner" name="runScenario" time="34.636"/>
  <testcase classname="TestRunner.Runner" name="runScenario" time="28.067"/>
  <testcase classname="TestRunner.Runner" name="runScenario" time="27.734"/>
  <testcase classname="TestRunner.Runner" name="runScenario" time="39.647"/>
</testsuite> <!-- TestRunner.Runner -->
