<?xml version="1.0" encoding="UTF-8"?>
<!-- Generated by org.testng.reporters.JUnitReportReporter -->
<testsuite hostname="Himanshu-PC" failures="0" tests="3" name="TestRunner.Runner" time="222.094" errors="0" timestamp="2024-04-29T18:13:29 IST" skipped="0">
  <testcase classname="TestRunner.Runner" name="runScenario" time="78.971"/>
  <testcase classname="TestRunner.Runner" name="runScenario" time="71.317"/>
  <testcase classname="TestRunner.Runner" name="runScenario" time="71.806"/>
</testsuite> <!-- TestRunner.Runner -->
